#
# There is insufficient memory for the Java Runtime Environment to continue.
# Native memory allocation (mmap) failed to map 132120576 bytes for G1 virtual space
# Possible reasons:
#   The system is out of physical RAM or swap space
#   The process is running with CompressedOops enabled, and the Java Heap may be blocking the growth of the native heap
# Possible solutions:
#   Reduce memory load on the system
#   Increase physical memory or swap space
#   Check if swap backing store is full
#   Decrease Java heap size (-Xmx/-Xms)
#   Decrease number of Java threads
#   Decrease Java thread stack sizes (-Xss)
#   Set larger code cache with -XX:ReservedCodeCacheSize=
#   JVM is running with Unscaled Compressed Oops mode in which the Java heap is
#     placed in the first 4GB address space. The Java Heap base address is the
#     maximum limit for the native heap growth. Please use -XX:HeapBaseMinAddress
#     to set the Java Heap base and to place the Java Heap above 4GB virtual address.
# This output file may be truncated or incomplete.
#
#  Out of Memory Error (os_windows.cpp:3466), pid=12632, tid=5556
#
# JRE version:  (16.0.2+7) (build )
# Java VM: Java HotSpot(TM) 64-Bit Server VM (16.0.2+7-67, mixed mode, sharing, tiered, compressed oops, compressed class ptrs, g1 gc, windows-amd64)
# No core dump will be written. Minidumps are not enabled by default on client versions of Windows
#

---------------  S U M M A R Y ------------

Command Line: -XX:+ShowCodeDetailsInExceptionMessages -agentlib:jdwp=transport=dt_socket,suspend=y,address=localhost:51717 -javaagent:C:\Users\usuario\eclipse\java-2021-06\eclipse\configuration\org.eclipse.osgi\222\0\.cp\lib\javaagent-shaded.jar -Dfile.encoding=Cp1252 app.TesteConta

Host: Intel(R) Core(TM) i5-8250U CPU @ 1.60GHz, 8 cores, 7G,  Windows 10 , 64 bit Build 19041 (10.0.19041.1151)
Time: Thu Sep 16 22:04:11 2021 Hora oficial do Brasil elapsed time: 0.019248 seconds (0d 0h 0m 0s)

---------------  T H R E A D  ---------------

Current thread (0x000002778978cf30):  JavaThread "Unknown thread" [_thread_in_vm, id=5556, stack(0x000000ad3c100000,0x000000ad3c200000)]

Stack: [0x000000ad3c100000,0x000000ad3c200000]
Native frames: (J=compiled Java code, j=interpreted, Vv=VM code, C=native code)
V  [jvm.dll+0x6681ca]
V  [jvm.dll+0x7c9e69]
V  [jvm.dll+0x7cb61e]
V  [jvm.dll+0x7cbc73]
V  [jvm.dll+0x242c55]
V  [jvm.dll+0x664f89]
V  [jvm.dll+0x659b75]
V  [jvm.dll+0x2fbfbb]
V  [jvm.dll+0x3031b6]
V  [jvm.dll+0x35299e]
V  [jvm.dll+0x352bcf]
V  [jvm.dll+0x2d3028]
V  [jvm.dll+0x2d4264]
V  [jvm.dll+0x79c741]
V  [jvm.dll+0x360791]
V  [jvm.dll+0x77a3f0]
V  [jvm.dll+0x3e4e8f]
V  [jvm.dll+0x3e6961]
C  [jli.dll+0x52fb]
C  [ucrtbase.dll+0x21bb2]
C  [KERNEL32.DLL+0x17034]
C  [ntdll.dll+0x52651]


---------------  P R O C E S S  ---------------

Threads class SMR info:
_java_thread_list=0x00007ffb4a13cbb8, length=0, elements={
}

Java Threads: ( => current thread )

Other Threads:
  0x00000277897cbe80 GCTaskThread "GC Thread#0" [stack: 0x000000ad3c200000,0x000000ad3c300000] [id=12960]
  0x00000277897dca80 ConcurrentGCThread "G1 Main Marker" [stack: 0x000000ad3c300000,0x000000ad3c400000] [id=8008]
  0x00000277897ddc90 ConcurrentGCThread "G1 Conc#0" [stack: 0x000000ad3c400000,0x000000ad3c500000] [id=7280]

[error occurred during error reporting (printing all threads), id 0xc0000005, EXCEPTION_ACCESS_VIOLATION (0xc0000005) at pc=0x00007ffb49913ee7]

VM state: not at safepoint (not fully initialized)

VM Mutex/Monitor currently owned by a thread:  ([mutex/lock_event])
[0x0000027789787460] Heap_lock - owner thread: 0x000002778978cf30

Heap address: 0x0000000082200000, size: 2014 MB, Compressed Oops mode: 32-bit

CDS archive(s) mapped at: [0x0000000000000000-0x0000000000000000-0x0000000000000000), size 0, SharedBaseAddress: 0x0000000800000000, ArchiveRelocationMode: 0.
Narrow klass base: 0x0000000000000000, Narrow klass shift: 0, Narrow klass range: 0x0

GC Precious Log:
<Empty>

Heap:
 garbage-first heap   total 0K, used 0K [0x0000000082200000, 0x0000000100000000)
  region size 1024K, 0 young (0K), 0 survivors (0K)

[error occurred during error reporting (printing heap information), id 0xc0000005, EXCEPTION_ACCESS_VIOLATION (0xc0000005) at pc=0x00007ffb49cf1eed]

GC Heap History (0 events):
No events

Deoptimization events (0 events):
No events

Classes unloaded (0 events):
No events

Classes redefined (0 events):
No events

Internal exceptions (0 events):
No events

Events (1 events):
Event: 0.009 Loaded shared library C:\Program Files\Java\jdk-16.0.2\bin\java.dll


Dynamic libraries:
0x00007ff61bed0000 - 0x00007ff61bee0000 	C:\Program Files\Java\jdk-16.0.2\bin\javaw.exe
0x00007ffb8e6b0000 - 0x00007ffb8e8a5000 	C:\Windows\SYSTEM32\ntdll.dll
0x00007ffb8cb10000 - 0x00007ffb8cbcd000 	C:\Windows\System32\KERNEL32.DLL
0x00007ffb8bde0000 - 0x00007ffb8c0a9000 	C:\Windows\System32\KERNELBASE.dll
0x00007ffb8c150000 - 0x00007ffb8c250000 	C:\Windows\System32\ucrtbase.dll
0x00007ffb79e80000 - 0x00007ffb79e99000 	C:\Program Files\Java\jdk-16.0.2\bin\VCRUNTIME140.dll
0x00007ffb79e60000 - 0x00007ffb79e78000 	C:\Program Files\Java\jdk-16.0.2\bin\jli.dll
0x00007ffb8c710000 - 0x00007ffb8c7bc000 	C:\Windows\System32\ADVAPI32.dll
0x00007ffb8d1b0000 - 0x00007ffb8d24e000 	C:\Windows\System32\msvcrt.dll
0x00007ffb8c8a0000 - 0x00007ffb8c93b000 	C:\Windows\System32\sechost.dll
0x00007ffb8d5a0000 - 0x00007ffb8d6ca000 	C:\Windows\System32\RPCRT4.dll
0x00007ffb8d250000 - 0x00007ffb8d3f0000 	C:\Windows\System32\USER32.dll
0x00007ffb8c360000 - 0x00007ffb8c382000 	C:\Windows\System32\win32u.dll
0x00007ffb77510000 - 0x00007ffb777aa000 	C:\Windows\WinSxS\amd64_microsoft.windows.common-controls_6595b64144ccf1df_6.0.19041.1110_none_60b5254171f9507e\COMCTL32.dll
0x00007ffb8c940000 - 0x00007ffb8c96a000 	C:\Windows\System32\GDI32.dll
0x00007ffb8c5a0000 - 0x00007ffb8c6ab000 	C:\Windows\System32\gdi32full.dll
0x00007ffb8c0b0000 - 0x00007ffb8c14d000 	C:\Windows\System32\msvcp_win.dll
0x00007ffb80540000 - 0x00007ffb8054a000 	C:\Windows\SYSTEM32\VERSION.dll
0x00007ffb8c870000 - 0x00007ffb8c8a0000 	C:\Windows\System32\IMM32.DLL
0x00007ffb85f60000 - 0x00007ffb85f6c000 	C:\Program Files\Java\jdk-16.0.2\bin\vcruntime140_1.dll
0x00007ffb53e10000 - 0x00007ffb53ea1000 	C:\Program Files\Java\jdk-16.0.2\bin\msvcp140.dll
0x00007ffb49630000 - 0x00007ffb4a1db000 	C:\Program Files\Java\jdk-16.0.2\bin\server\jvm.dll
0x00007ffb8cbd0000 - 0x00007ffb8cbd8000 	C:\Windows\System32\PSAPI.DLL
0x00007ffb6c790000 - 0x00007ffb6c799000 	C:\Windows\SYSTEM32\WSOCK32.dll
0x00007ffb75990000 - 0x00007ffb759b7000 	C:\Windows\SYSTEM32\WINMM.dll
0x00007ffb8ccb0000 - 0x00007ffb8cd1b000 	C:\Windows\System32\WS2_32.dll
0x00007ffb8a670000 - 0x00007ffb8a682000 	C:\Windows\SYSTEM32\kernel.appcore.dll
0x00007ffb842b0000 - 0x00007ffb842ba000 	C:\Program Files\Java\jdk-16.0.2\bin\jimage.dll
0x00007ffb86a50000 - 0x00007ffb86c34000 	C:\Windows\SYSTEM32\DBGHELP.DLL
0x00007ffb73800000 - 0x00007ffb7382c000 	C:\Windows\SYSTEM32\dbgcore.DLL
0x00007ffb8c2d0000 - 0x00007ffb8c353000 	C:\Windows\System32\bcryptPrimitives.dll
0x00007ffb79b90000 - 0x00007ffb79bcb000 	C:\Program Files\Java\jdk-16.0.2\bin\jdwp.dll
0x00007ffb82820000 - 0x00007ffb8282e000 	C:\Program Files\Java\jdk-16.0.2\bin\instrument.dll
0x00007ffb613b0000 - 0x00007ffb613d5000 	C:\Program Files\Java\jdk-16.0.2\bin\java.dll

dbghelp: loaded successfully - version: 4.0.5 - missing functions: none
symbol engine: initialized successfully - sym options: 0x614 - pdb path: .;C:\Program Files\Java\jdk-16.0.2\bin;C:\Windows\SYSTEM32;C:\Windows\WinSxS\amd64_microsoft.windows.common-controls_6595b64144ccf1df_6.0.19041.1110_none_60b5254171f9507e;C:\Program Files\Java\jdk-16.0.2\bin\server

VM Arguments:
jvm_args: -XX:+ShowCodeDetailsInExceptionMessages -agentlib:jdwp=transport=dt_socket,suspend=y,address=localhost:51717 -javaagent:C:\Users\usuario\eclipse\java-2021-06\eclipse\configuration\org.eclipse.osgi\222\0\.cp\lib\javaagent-shaded.jar -Dfile.encoding=Cp1252 
java_command: app.TesteConta
java_class_path (initial): C:\Users\usuario\Desktop\turma33java\java\BANCO\bin
Launcher Type: SUN_STANDARD

[Global flags]
     intx CICompilerCount                          = 4                                         {product} {ergonomic}
     uint ConcGCThreads                            = 2                                         {product} {ergonomic}
     uint G1ConcRefinementThreads                  = 8                                         {product} {ergonomic}
   size_t G1HeapRegionSize                         = 1048576                                   {product} {ergonomic}
    uintx GCDrainStackTargetSize                   = 64                                        {product} {ergonomic}
   size_t InitialHeapSize                          = 132120576                                 {product} {ergonomic}
   size_t MarkStackSize                            = 4194304                                   {product} {ergonomic}
   size_t MaxHeapSize                              = 2111832064                                {product} {ergonomic}
   size_t MinHeapDeltaBytes                        = 1048576                                   {product} {ergonomic}
   size_t MinHeapSize                              = 8388608                                   {product} {ergonomic}
    uintx NonNMethodCodeHeapSize                   = 5839372                                {pd product} {ergonomic}
    uintx NonProfiledCodeHeapSize                  = 122909434                              {pd product} {ergonomic}
    uintx ProfiledCodeHeapSize                     = 122909434                              {pd product} {ergonomic}
    uintx ReservedCodeCacheSize                    = 251658240                              {pd product} {ergonomic}
     bool SegmentedCodeCache                       = true                                      {product} {ergonomic}
     bool ShowCodeDetailsInExceptionMessages       = true                                   {manageable} {command line}
   size_t SoftMaxHeapSize                          = 2111832064                             {manageable} {ergonomic}
     bool UseCompressedClassPointers               = true                           {product lp64_product} {ergonomic}
     bool UseCompressedOops                        = true                           {product lp64_product} {ergonomic}
     bool UseG1GC                                  = true                                      {product} {ergonomic}
     bool UseLargePagesIndividualAllocation        = false                                  {pd product} {ergonomic}

Logging:
Log output configuration:
 #0: stdout all=warning uptime,level,tags
 #1: stderr all=off uptime,level,tags

Environment Variables:
JAVA_HOME=%JAVA_HOME%\bin;C:\Program Files\Java\jdk-16.0.2\bin;C:\Program Files\Java\jdk-16.0.2\bin;C:\Program Files\Java\jdk-16.0.2
PATH=C:/Program Files/Java/jdk-16.0.2/bin/server;C:/Program Files/Java/jdk-16.0.2/bin;C:\Program Files\Common Files\Oracle\Java\javapath;"%JAVA_HOME%\bin;C:\Program Files\Java\jdk-16.0.2\bin;C:\Program Files\Java\jdk-16.0.2\bin;C:\Program Files\Common Files\Oracle\Java\javapath";C:\Windows\system32;C:\Windows;C:\Windows\System32\Wbem;C:\Windows\System32\WindowsPowerShell\v1.0\;C:\Windows\System32\OpenSSH\;C:\Program Files (x86)\Intel\Intel(R) Management Engine Components\DAL;C:\Program Files\Intel\Intel(R) Management Engine Components\DAL;C:\ProgramData\UNIVALI\Portugol Studio;C:\Program Files\Git\cmd;C:\Users\usuario\AppData\Local\Microsoft\WindowsApps;;C:\Users\usuario\Desktop;
USERNAME=usuario
OS=Windows_NT
PROCESSOR_IDENTIFIER=Intel64 Family 6 Model 142 Stepping 10, GenuineIntel



---------------  S Y S T E M  ---------------

OS:
 Windows 10 , 64 bit Build 19041 (10.0.19041.1151)
OS uptime: 8 days 0:11 hours

CPU: total 8 (initial active 8) (4 cores per cpu, 2 threads per core) family 6 model 142 stepping 10 microcode 0xea, cx8, cmov, fxsr, ht, mmx, 3dnowpref, sse, sse2, sse3, ssse3, sse4.1, sse4.2, popcnt, lzcnt, tsc, tscinvbit, avx, avx2, aes, erms, clmul, bmi1, bmi2, adx, fma, vzeroupper, clflush, clflushopt

Memory: 4k page, system-wide physical 8050M (2139M free)
TotalPageFile size 12146M (AvailPageFile size 88M)
current process WorkingSet (physical memory assigned to process): 10M, peak: 10M
current process commit charge ("private bytes"): 60M, peak: 186M

vm_info: Java HotSpot(TM) 64-Bit Server VM (16.0.2+7-67) for windows-amd64 JRE (16.0.2+7-67), built on Jun  8 2021 23:24:19 by "mach5one" with MS VC++ 16.7 (VS2019)

END.
